

Started GET "/" for ::1 at 2015-02-04 20:10:14 -0500
Processing by PageController#index as HTML
  Rendered page/index.html.erb within layouts/application (1.8ms)
Completed 200 OK in 1382ms (Views: 1371.0ms | ActiveRecord: 0.0ms)


Started GET "/assets/page-64e62ddc273c2f5847f30d698ca14b67.css?body=1" for ::1 at 2015-02-04 20:10:16 -0500


Started GET "/assets/jquery-87424c3c19e96d4fb033c10ebe21ec40.js?body=1" for ::1 at 2015-02-04 20:10:16 -0500


Started GET "/assets/application-79e1233a68e5fdd328d8a2ea17ddef8a.js?body=1" for ::1 at 2015-02-04 20:10:16 -0500


Started GET "/assets/jquery_ujs-e27bd20a10d28155845a22d71ef94f2f.js?body=1" for ::1 at 2015-02-04 20:10:16 -0500


Started GET "/assets/turbolinks-da8ddad9c2c5483d4c5c30c1ce325253.js?body=1" for ::1 at 2015-02-04 20:10:16 -0500


Started GET "/assets/application-5266d2988799ecc8fe6e81eaab412e7d.css?body=1" for ::1 at 2015-02-04 20:10:16 -0500


Started GET "/assets/page-fcec5b5a277ac7c20cc9f45a209a3bcd.js?body=1" for ::1 at 2015-02-04 20:10:16 -0500
  [1m[36m (0.9ms)[0m  [1mCREATE TABLE "schema_migrations" ("version" varchar NOT NULL) [0m
  [1m[35m (0.1ms)[0m  select sqlite_version(*)
  [1m[36m (0.7ms)[0m  [1mCREATE UNIQUE INDEX "unique_schema_migrations" ON "schema_migrations" ("version")[0m
  [1m[35mActiveRecord::SchemaMigration Load (0.1ms)[0m  SELECT "schema_migrations".* FROM "schema_migrations"
Migrating to CreateTeachers (20150205011257)
  [1m[36m (0.1ms)[0m  [1mbegin transaction[0m
  [1m[35m (0.4ms)[0m  CREATE TABLE "teachers" ("id" INTEGER PRIMARY KEY AUTOINCREMENT NOT NULL, "first_name" varchar, "last_name" varchar, "password_digest" varchar, "created_at" datetime NOT NULL, "updated_at" datetime NOT NULL) 
  [1m[36mSQL (0.2ms)[0m  [1mINSERT INTO "schema_migrations" ("version") VALUES (?)[0m  [["version", "20150205011257"]]
  [1m[35m (0.6ms)[0m  commit transaction
  [1m[36mActiveRecord::SchemaMigration Load (0.1ms)[0m  [1mSELECT "schema_migrations".* FROM "schema_migrations"[0m


Started GET "/teachers/new" for ::1 at 2015-02-04 20:21:39 -0500
  [1m[36mActiveRecord::SchemaMigration Load (0.2ms)[0m  [1mSELECT "schema_migrations".* FROM "schema_migrations"[0m
Processing by TeachersController#new as HTML
Completed 500 Internal Server Error in 3ms

SyntaxError (/Users/solomonghilliard1/TIY/Week4/simple-authentication/app/models/teacher.rb:12: syntax error, unexpected ':', expecting =>
              with : /\A([^@\s]+)@((?:[-a-z0-9]+\.)+[a-z]{2,})\z/i
                    ^
/Users/solomonghilliard1/TIY/Week4/simple-authentication/app/models/teacher.rb:13: syntax error, unexpected '}', expecting keyword_end):
  app/models/teacher.rb:12: syntax error, unexpected ':', expecting =>
  app/models/teacher.rb:13: syntax error, unexpected '}', expecting keyword_end
  app/controllers/teachers_controller.rb:15:in `new'


  Rendered /Users/solomonghilliard1/.rbenv/versions/2.1.5/lib/ruby/gems/2.1.0/gems/web-console-2.0.0/lib/action_dispatch/templates/rescues/_source.erb (5.4ms)
  Rendered /Users/solomonghilliard1/.rbenv/versions/2.1.5/lib/ruby/gems/2.1.0/gems/web-console-2.0.0/lib/action_dispatch/templates/rescues/_trace.html.erb (3.4ms)
  Rendered /Users/solomonghilliard1/.rbenv/versions/2.1.5/lib/ruby/gems/2.1.0/gems/web-console-2.0.0/lib/action_dispatch/templates/rescues/_request_and_response.html.erb (1.2ms)
  Rendered /Users/solomonghilliard1/.rbenv/versions/2.1.5/lib/ruby/gems/2.1.0/gems/web-console-2.0.0/lib/action_dispatch/templates/rescues/_web_console.html.erb (0.9ms)
  Rendered /Users/solomonghilliard1/.rbenv/versions/2.1.5/lib/ruby/gems/2.1.0/gems/web-console-2.0.0/lib/action_dispatch/templates/rescues/diagnostics.html.erb within rescues/layout (35.9ms)


Started GET "/teachers/new" for ::1 at 2015-02-04 20:22:13 -0500
Processing by TeachersController#new as HTML
  Rendered teachers/_form.html.erb (19.4ms)
  Rendered teachers/new.html.erb within layouts/application (70.7ms)
Completed 200 OK in 286ms (Views: 274.6ms | ActiveRecord: 4.1ms)


Started GET "/assets/teachers-64e62ddc273c2f5847f30d698ca14b67.css?body=1" for ::1 at 2015-02-04 20:22:14 -0500


Started GET "/assets/scaffolds-540447cb48a4f188b21c89b2a3820e28.css?body=1" for ::1 at 2015-02-04 20:22:14 -0500


Started GET "/assets/application-1100f20ceadac26734ef5f15c700e718.css?body=1" for ::1 at 2015-02-04 20:22:14 -0500


Started GET "/assets/page-fcec5b5a277ac7c20cc9f45a209a3bcd.js?body=1" for ::1 at 2015-02-04 20:22:14 -0500


Started GET "/assets/turbolinks-da8ddad9c2c5483d4c5c30c1ce325253.js?body=1" for ::1 at 2015-02-04 20:22:14 -0500


Started GET "/assets/jquery_ujs-e27bd20a10d28155845a22d71ef94f2f.js?body=1" for ::1 at 2015-02-04 20:22:14 -0500


Started GET "/assets/teachers-fcec5b5a277ac7c20cc9f45a209a3bcd.js?body=1" for ::1 at 2015-02-04 20:22:14 -0500


Started GET "/assets/page-64e62ddc273c2f5847f30d698ca14b67.css?body=1" for ::1 at 2015-02-04 20:22:14 -0500


Started GET "/assets/jquery-87424c3c19e96d4fb033c10ebe21ec40.js?body=1" for ::1 at 2015-02-04 20:22:14 -0500


Started GET "/assets/application-322efd85de1e19784a5dc35312bc9882.js?body=1" for ::1 at 2015-02-04 20:22:14 -0500
  [1m[36mActiveRecord::SchemaMigration Load (0.1ms)[0m  [1mSELECT "schema_migrations".* FROM "schema_migrations"[0m
  [1m[35mActiveRecord::SchemaMigration Load (0.1ms)[0m  SELECT "schema_migrations".* FROM "schema_migrations"
Migrating to CreateTeachers (20150205011257)
  [1m[36m (0.1ms)[0m  [1mbegin transaction[0m
  [1m[35m (1.0ms)[0m  DROP TABLE "teachers"
  [1m[36mSQL (0.4ms)[0m  [1mDELETE FROM "schema_migrations" WHERE "schema_migrations"."version" = ?[0m  [["version", "20150205011257"]]
  [1m[35m (0.7ms)[0m  commit transaction
  [1m[36mActiveRecord::SchemaMigration Load (0.1ms)[0m  [1mSELECT "schema_migrations".* FROM "schema_migrations"[0m
  [1m[36mActiveRecord::SchemaMigration Load (0.4ms)[0m  [1mSELECT "schema_migrations".* FROM "schema_migrations"[0m
Migrating to CreateTeachers (20150205012650)
  [1m[35m (0.1ms)[0m  begin transaction
  [1m[36m (0.7ms)[0m  [1mCREATE TABLE "teachers" ("id" INTEGER PRIMARY KEY AUTOINCREMENT NOT NULL, "first_name" varchar, "last_name" varchar, "email" varchar, "password_digest" varchar, "created_at" datetime NOT NULL, "updated_at" datetime NOT NULL) [0m
  [1m[35mSQL (0.2ms)[0m  INSERT INTO "schema_migrations" ("version") VALUES (?)  [["version", "20150205012650"]]
  [1m[36m (0.9ms)[0m  [1mcommit transaction[0m
  [1m[35mActiveRecord::SchemaMigration Load (0.1ms)[0m  SELECT "schema_migrations".* FROM "schema_migrations"


Started GET "/teachers/new" for ::1 at 2015-02-04 20:28:44 -0500
  [1m[36mActiveRecord::SchemaMigration Load (0.1ms)[0m  [1mSELECT "schema_migrations".* FROM "schema_migrations"[0m
Processing by TeachersController#new as HTML
  Rendered teachers/_form.html.erb (29.4ms)
  Rendered teachers/new.html.erb within layouts/application (36.6ms)
Completed 200 OK in 228ms (Views: 208.0ms | ActiveRecord: 0.4ms)


Started GET "/assets/page-64e62ddc273c2f5847f30d698ca14b67.css?body=1" for ::1 at 2015-02-04 20:28:44 -0500


Started GET "/assets/scaffolds-540447cb48a4f188b21c89b2a3820e28.css?body=1" for ::1 at 2015-02-04 20:28:44 -0500


Started GET "/assets/application-1100f20ceadac26734ef5f15c700e718.css?body=1" for ::1 at 2015-02-04 20:28:44 -0500


Started GET "/assets/teachers-64e62ddc273c2f5847f30d698ca14b67.css?body=1" for ::1 at 2015-02-04 20:28:44 -0500


Started GET "/assets/jquery_ujs-e27bd20a10d28155845a22d71ef94f2f.js?body=1" for ::1 at 2015-02-04 20:28:44 -0500


Started GET "/assets/jquery-87424c3c19e96d4fb033c10ebe21ec40.js?body=1" for ::1 at 2015-02-04 20:28:44 -0500


Started GET "/assets/turbolinks-da8ddad9c2c5483d4c5c30c1ce325253.js?body=1" for ::1 at 2015-02-04 20:28:44 -0500


Started GET "/assets/page-fcec5b5a277ac7c20cc9f45a209a3bcd.js?body=1" for ::1 at 2015-02-04 20:28:44 -0500


Started GET "/assets/teachers-fcec5b5a277ac7c20cc9f45a209a3bcd.js?body=1" for ::1 at 2015-02-04 20:28:44 -0500


Started GET "/assets/application-322efd85de1e19784a5dc35312bc9882.js?body=1" for ::1 at 2015-02-04 20:28:44 -0500


Started GET "/teachers/new" for ::1 at 2015-02-04 20:29:00 -0500
Processing by TeachersController#new as HTML
  Rendered teachers/_form.html.erb (2.8ms)
  Rendered teachers/new.html.erb within layouts/application (4.0ms)
Completed 200 OK in 63ms (Views: 62.6ms | ActiveRecord: 0.0ms)


Started GET "/assets/scaffolds-540447cb48a4f188b21c89b2a3820e28.css?body=1" for ::1 at 2015-02-04 20:29:00 -0500


Started GET "/assets/jquery-87424c3c19e96d4fb033c10ebe21ec40.js?body=1" for ::1 at 2015-02-04 20:29:00 -0500


Started GET "/assets/page-64e62ddc273c2f5847f30d698ca14b67.css?body=1" for ::1 at 2015-02-04 20:29:00 -0500


Started GET "/assets/jquery_ujs-e27bd20a10d28155845a22d71ef94f2f.js?body=1" for ::1 at 2015-02-04 20:29:00 -0500


Started GET "/assets/application-1100f20ceadac26734ef5f15c700e718.css?body=1" for ::1 at 2015-02-04 20:29:00 -0500


Started GET "/assets/turbolinks-da8ddad9c2c5483d4c5c30c1ce325253.js?body=1" for ::1 at 2015-02-04 20:29:00 -0500


Started GET "/assets/teachers-64e62ddc273c2f5847f30d698ca14b67.css?body=1" for ::1 at 2015-02-04 20:29:00 -0500


Started GET "/assets/page-fcec5b5a277ac7c20cc9f45a209a3bcd.js?body=1" for ::1 at 2015-02-04 20:29:00 -0500


Started GET "/assets/teachers-fcec5b5a277ac7c20cc9f45a209a3bcd.js?body=1" for ::1 at 2015-02-04 20:29:00 -0500


Started GET "/assets/application-322efd85de1e19784a5dc35312bc9882.js?body=1" for ::1 at 2015-02-04 20:29:00 -0500


Started POST "/teachers" for ::1 at 2015-02-04 20:29:38 -0500
Processing by TeachersController#create as HTML
  Parameters: {"utf8"=>"✓", "authenticity_token"=>"RmD50YBQSFkI6rFV0H43UQpd58PRmvtxyYrAHRfObfPfaEHIFneLtgjMsEr420T3g9qLbDV+eFKq643It/+ZDg==", "teacher"=>{"first_name"=>"Solomon", "last_name"=>"Hilliard", "email"=>"sol@gmail.com", "password"=>"[FILTERED]", "password_confirmation"=>"[FILTERED]"}, "commit"=>"Create Teacher"}
  [1m[35m (0.1ms)[0m  begin transaction
  [1m[36mTeacher Exists (0.2ms)[0m  [1mSELECT  1 AS one FROM "teachers" WHERE "teachers"."email" = 'sol@gmail.com' LIMIT 1[0m
  [1m[35mSQL (0.6ms)[0m  INSERT INTO "teachers" ("first_name", "last_name", "email", "password_digest", "created_at", "updated_at") VALUES (?, ?, ?, ?, ?, ?)  [["first_name", "Solomon"], ["last_name", "Hilliard"], ["email", "sol@gmail.com"], ["password_digest", "$2a$10$0trkycWs1I16xnHDKkxlYud5.tw7Ygk.63OgyNWWYuefAbnfYAuO6"], ["created_at", "2015-02-05 01:29:38.675796"], ["updated_at", "2015-02-05 01:29:38.675796"]]
  [1m[36m (0.8ms)[0m  [1mcommit transaction[0m
Redirected to http://localhost:3000/teachers/1
Completed 302 Found in 94ms (ActiveRecord: 1.7ms)


Started GET "/teachers/1" for ::1 at 2015-02-04 20:29:38 -0500
Processing by TeachersController#show as HTML
  Parameters: {"id"=>"1"}
  [1m[35mTeacher Load (0.2ms)[0m  SELECT  "teachers".* FROM "teachers" WHERE "teachers"."id" = ? LIMIT 1  [["id", 1]]
  Rendered teachers/show.html.erb within layouts/application (0.9ms)
Completed 200 OK in 61ms (Views: 53.9ms | ActiveRecord: 0.2ms)


Started GET "/assets/page-64e62ddc273c2f5847f30d698ca14b67.css?body=1" for ::1 at 2015-02-04 20:29:38 -0500


Started GET "/assets/teachers-64e62ddc273c2f5847f30d698ca14b67.css?body=1" for ::1 at 2015-02-04 20:29:38 -0500


Started GET "/assets/scaffolds-540447cb48a4f188b21c89b2a3820e28.css?body=1" for ::1 at 2015-02-04 20:29:38 -0500


Started GET "/assets/application-1100f20ceadac26734ef5f15c700e718.css?body=1" for ::1 at 2015-02-04 20:29:38 -0500


Started GET "/assets/turbolinks-da8ddad9c2c5483d4c5c30c1ce325253.js?body=1" for ::1 at 2015-02-04 20:29:38 -0500


Started GET "/assets/jquery_ujs-e27bd20a10d28155845a22d71ef94f2f.js?body=1" for ::1 at 2015-02-04 20:29:38 -0500


Started GET "/assets/jquery-87424c3c19e96d4fb033c10ebe21ec40.js?body=1" for ::1 at 2015-02-04 20:29:38 -0500


Started GET "/assets/page-fcec5b5a277ac7c20cc9f45a209a3bcd.js?body=1" for ::1 at 2015-02-04 20:29:38 -0500


Started GET "/assets/teachers-fcec5b5a277ac7c20cc9f45a209a3bcd.js?body=1" for ::1 at 2015-02-04 20:29:38 -0500


Started GET "/assets/application-322efd85de1e19784a5dc35312bc9882.js?body=1" for ::1 at 2015-02-04 20:29:38 -0500


Started GET "/teachers" for ::1 at 2015-02-04 20:29:46 -0500
Processing by TeachersController#index as HTML
  [1m[36mTeacher Load (0.1ms)[0m  [1mSELECT "teachers".* FROM "teachers"[0m
  Rendered teachers/index.html.erb within layouts/application (1.4ms)
Completed 200 OK in 69ms (Views: 68.4ms | ActiveRecord: 0.1ms)
  [1m[36mTeacher Load (0.2ms)[0m  [1mSELECT  "teachers".* FROM "teachers"  ORDER BY "teachers"."id" ASC LIMIT 1[0m
